{"uid":"91502abe767d2af9","name":"Test search functionality","fullName":"test_amazon_flow#test_search_product","historyId":"68f5da68996677a2d4eb80b4ea0a8438","time":{"start":1764310478361,"stop":1764310483849,"duration":5488},"status":"failed","statusMessage":"AssertionError: assert 'smartphone charger' in 'https://www.amazon.in/s?k=smartphone+charger&ref=nb_sb_noss'\n +  where 'smartphone charger' = <built-in method lower of str object at 0x0000022300B60E70>()\n +    where <built-in method lower of str object at 0x0000022300B60E70> = 'smartphone charger'.lower\n +  and   'https://www.amazon.in/s?k=smartphone+charger&ref=nb_sb_noss' = <built-in method lower of str object at 0x0000022300BCC3B0>()\n +    where <built-in method lower of str object at 0x0000022300BCC3B0> = 'https://www.amazon.in/s?k=smartphone+charger&ref=nb_sb_noss'.lower\n +      where 'https://www.amazon.in/s?k=smartphone+charger&ref=nb_sb_noss' = <selenium.webdriver.chrome.webdriver.WebDriver (session=\"91c5be6ecfa4ab95751b7e453838596d\")>.current_url","statusTrace":"driver = <selenium.webdriver.chrome.webdriver.WebDriver (session=\"91c5be6ecfa4ab95751b7e453838596d\")>\n\n    @allure.title(\"Test search functionality\")\n    def test_search_product(driver):\n        wait = WebDriverWait(driver, 10)\n    \n        with allure.step(\"Navigate to Amazon\"):\n            driver.get(\"https://www.amazon.in\")\n            assert \"amazon\" in driver.current_url.lower()\n    \n        with allure.step(\"Search for keyword\"):\n            search_box = wait.until(EC.presence_of_element_located((By.ID, \"twotabsearchtextbox\")))\n            search_box.send_keys(keyword, Keys.ENTER)\n            time.sleep(2)\n            allure.attach(f\"Searched for: {keyword}\", \"Search Term\", allure.attachment_type.TEXT)\n>           assert keyword.lower() in driver.current_url.lower()\nE           assert 'smartphone charger' in 'https://www.amazon.in/s?k=smartphone+charger&ref=nb_sb_noss'\nE            +  where 'smartphone charger' = <built-in method lower of str object at 0x0000022300B60E70>()\nE            +    where <built-in method lower of str object at 0x0000022300B60E70> = 'smartphone charger'.lower\nE            +  and   'https://www.amazon.in/s?k=smartphone+charger&ref=nb_sb_noss' = <built-in method lower of str object at 0x0000022300BCC3B0>()\nE            +    where <built-in method lower of str object at 0x0000022300BCC3B0> = 'https://www.amazon.in/s?k=smartphone+charger&ref=nb_sb_noss'.lower\nE            +      where 'https://www.amazon.in/s?k=smartphone+charger&ref=nb_sb_noss' = <selenium.webdriver.chrome.webdriver.WebDriver (session=\"91c5be6ecfa4ab95751b7e453838596d\")>.current_url\n\ntest_amazon_flow.py:81: AssertionError","flaky":false,"newFailed":false,"newBroken":false,"newPassed":false,"retriesCount":0,"retriesStatusChange":false,"beforeStages":[{"name":"driver","time":{"start":1764310457068,"stop":1764310458385,"duration":1317},"status":"passed","steps":[],"attachments":[],"parameters":[],"shouldDisplayMessage":false,"attachmentsCount":0,"stepsCount":0,"attachmentStep":false,"hasContent":false}],"testStage":{"status":"failed","statusMessage":"AssertionError: assert 'smartphone charger' in 'https://www.amazon.in/s?k=smartphone+charger&ref=nb_sb_noss'\n +  where 'smartphone charger' = <built-in method lower of str object at 0x0000022300B60E70>()\n +    where <built-in method lower of str object at 0x0000022300B60E70> = 'smartphone charger'.lower\n +  and   'https://www.amazon.in/s?k=smartphone+charger&ref=nb_sb_noss' = <built-in method lower of str object at 0x0000022300BCC3B0>()\n +    where <built-in method lower of str object at 0x0000022300BCC3B0> = 'https://www.amazon.in/s?k=smartphone+charger&ref=nb_sb_noss'.lower\n +      where 'https://www.amazon.in/s?k=smartphone+charger&ref=nb_sb_noss' = <selenium.webdriver.chrome.webdriver.WebDriver (session=\"91c5be6ecfa4ab95751b7e453838596d\")>.current_url","statusTrace":"driver = <selenium.webdriver.chrome.webdriver.WebDriver (session=\"91c5be6ecfa4ab95751b7e453838596d\")>\n\n    @allure.title(\"Test search functionality\")\n    def test_search_product(driver):\n        wait = WebDriverWait(driver, 10)\n    \n        with allure.step(\"Navigate to Amazon\"):\n            driver.get(\"https://www.amazon.in\")\n            assert \"amazon\" in driver.current_url.lower()\n    \n        with allure.step(\"Search for keyword\"):\n            search_box = wait.until(EC.presence_of_element_located((By.ID, \"twotabsearchtextbox\")))\n            search_box.send_keys(keyword, Keys.ENTER)\n            time.sleep(2)\n            allure.attach(f\"Searched for: {keyword}\", \"Search Term\", allure.attachment_type.TEXT)\n>           assert keyword.lower() in driver.current_url.lower()\nE           assert 'smartphone charger' in 'https://www.amazon.in/s?k=smartphone+charger&ref=nb_sb_noss'\nE            +  where 'smartphone charger' = <built-in method lower of str object at 0x0000022300B60E70>()\nE            +    where <built-in method lower of str object at 0x0000022300B60E70> = 'smartphone charger'.lower\nE            +  and   'https://www.amazon.in/s?k=smartphone+charger&ref=nb_sb_noss' = <built-in method lower of str object at 0x0000022300BCC3B0>()\nE            +    where <built-in method lower of str object at 0x0000022300BCC3B0> = 'https://www.amazon.in/s?k=smartphone+charger&ref=nb_sb_noss'.lower\nE            +      where 'https://www.amazon.in/s?k=smartphone+charger&ref=nb_sb_noss' = <selenium.webdriver.chrome.webdriver.WebDriver (session=\"91c5be6ecfa4ab95751b7e453838596d\")>.current_url\n\ntest_amazon_flow.py:81: AssertionError","steps":[{"name":"Navigate to Amazon","time":{"start":1764310478361,"stop":1764310479943,"duration":1582},"status":"passed","steps":[],"attachments":[],"parameters":[],"shouldDisplayMessage":false,"attachmentsCount":0,"stepsCount":0,"attachmentStep":false,"hasContent":false},{"name":"Search for keyword","time":{"start":1764310479943,"stop":1764310483846,"duration":3903},"status":"failed","statusMessage":"AssertionError: assert 'smartphone charger' in 'https://www.amazon.in/s?k=smartphone+charger&ref=nb_sb_noss'\n +  where 'smartphone charger' = <built-in method lower of str object at 0x0000022300B60E70>()\n +    where <built-in method lower of str object at 0x0000022300B60E70> = 'smartphone charger'.lower\n +  and   'https://www.amazon.in/s?k=smartphone+charger&ref=nb_sb_noss' = <built-in method lower of str object at 0x0000022300BCC3B0>()\n +    where <built-in method lower of str object at 0x0000022300BCC3B0> = 'https://www.amazon.in/s?k=smartphone+charger&ref=nb_sb_noss'.lower\n +      where 'https://www.amazon.in/s?k=smartphone+charger&ref=nb_sb_noss' = <selenium.webdriver.chrome.webdriver.WebDriver (session=\"91c5be6ecfa4ab95751b7e453838596d\")>.current_url\n","statusTrace":"  File \"C:\\Users\\AB\\Desktop\\Aryan Rakholiya\\Selenium_Python\\test_amazon_flow.py\", line 81, in test_search_product\n    assert keyword.lower() in driver.current_url.lower()\n","steps":[],"attachments":[{"uid":"a8391d97cab4026","name":"Search Term","source":"a8391d97cab4026.txt","type":"text/plain","size":32}],"parameters":[],"shouldDisplayMessage":true,"attachmentsCount":1,"stepsCount":0,"attachmentStep":false,"hasContent":true}],"attachments":[],"parameters":[],"shouldDisplayMessage":true,"attachmentsCount":1,"stepsCount":2,"attachmentStep":false,"hasContent":true},"afterStages":[{"name":"driver::0","time":{"start":1764310503260,"stop":1764310505516,"duration":2256},"status":"passed","steps":[],"attachments":[],"parameters":[],"shouldDisplayMessage":false,"attachmentsCount":0,"stepsCount":0,"attachmentStep":false,"hasContent":false}],"labels":[{"name":"suite","value":"test_amazon_flow"},{"name":"host","value":"DESKTOP-T8N4CLA"},{"name":"thread","value":"5684-MainThread"},{"name":"framework","value":"pytest"},{"name":"language","value":"cpython3"},{"name":"package","value":"test_amazon_flow"},{"name":"resultFormat","value":"allure2"}],"parameters":[],"links":[],"hidden":false,"retry":false,"extra":{"severity":"normal","retries":[],"categories":[{"name":"Product defects","matchedStatuses":[]}],"tags":[]},"source":"91502abe767d2af9.json","parameterValues":[]}