{"uid":"c36e565d0290847d","name":"Amazon purchase flow with full-step assertion visibility","fullName":"test_amazon_flow#test_amazon_purchase_flow","historyId":"d1c24298ccbadddcd439297f6e13b870","time":{"start":1764309600757,"stop":1764309613065,"duration":12308},"status":"broken","statusMessage":"selenium.common.exceptions.TimeoutException: Message: \nStacktrace:\nSymbols not available. Dumping unresolved backtrace:\n\t0x7ff66550a235\n\t0x7ff665262630\n\t0x7ff664ff16dd\n\t0x7ff66504a27e\n\t0x7ff66504a58c\n\t0x7ff66509ed77\n\t0x7ff66509baba\n\t0x7ff66503b0ed\n\t0x7ff66503bf63\n\t0x7ff665535d60\n\t0x7ff66552fe8a\n\t0x7ff665551005\n\t0x7ff66527d71e\n\t0x7ff665284e1f\n\t0x7ff66526b7c4\n\t0x7ff66526b97f\n\t0x7ff6652518e8\n\t0x7ffc20527374\n\t0x7ffc221bcc91","statusTrace":"driver = <selenium.webdriver.chrome.webdriver.WebDriver (session=\"6be012e20f6b204e4ac6f695cf122498\")>\n\n    @allure.title(\"Amazon purchase flow with full-step assertion visibility\")\n    def test_amazon_purchase_flow(driver):\n        wait = WebDriverWait(driver, 10)\n    \n        with allure.step(\"1. Open Amazon homepage\"):\n            driver.get(\"https://www.amazon.in\")\n            assert \"amazon\" in driver.current_url.lower(), \"Amazon homepage did not open\"\n    \n        with allure.step(\"2. Search for product\"):\n>           search_box = wait.until(EC.presence_of_element_located((By.ID, \"twotabsearchtextboxy\")))\n                         ^^^^^^^^^^^^^^^^^^^^^^^^^^^^^^^^^^^^^^^^^^^^^^^^^^^^^^^^^^^^^^^^^^^^^^^^^^^\n\ntest_amazon_flow.py:18: \n_ _ _ _ _ _ _ _ _ _ _ _ _ _ _ _ _ _ _ _ _ _ _ _ _ _ _ _ _ _ _ _ _ _ _ _ _ _ _ _ _ _ _ _ _ _ _ _ _ _ _ _ _ _ _ _ _ _ _ _ _ _ _ _ _ _ _ _ _ _ _ _ _ _ _ _ _ _ _ _ _ _ _ _ _ _ _ _ _ _ _ _ _ _ _ _ _ _ _ _ _ _ _ _ _ _ _ _ _ _ _ _ _ _ _ _ _ _ _ _ _ _ \n\nself = <selenium.webdriver.support.wait.WebDriverWait (session=\"6be012e20f6b204e4ac6f695cf122498\")>, method = <function presence_of_element_located.<locals>._predicate at 0x000001B8C490EB60>, message = ''\n\n    def until(self, method: Callable[[D], Union[Literal[False], T]], message: str = \"\") -> T:\n        \"\"\"Wait until the method returns a value that is not False.\n    \n        Calls the method provided with the driver as an argument until the\n        return value does not evaluate to ``False``.\n    \n        Parameters:\n        -----------\n        method: callable(WebDriver)\n            - A callable object that takes a WebDriver instance as an argument.\n    \n        message: str\n            - Optional message for :exc:`TimeoutException`\n    \n        Return:\n        -------\n        object: T\n            - The result of the last call to `method`\n    \n        Raises:\n        -------\n        TimeoutException\n            - If 'method' does not return a truthy value within the WebDriverWait\n            object's timeout\n    \n        Example:\n        --------\n        >>> from selenium.webdriver.common.by import By\n        >>> from selenium.webdriver.support.ui import WebDriverWait\n        >>> from selenium.webdriver.support import expected_conditions as EC\n    \n        # Wait until an element is visible on the page\n        >>> wait = WebDriverWait(driver, 10)\n        >>> element = wait.until(EC.visibility_of_element_located((By.ID, \"exampleId\")))\n        >>> print(element.text)\n        \"\"\"\n        screen = None\n        stacktrace = None\n    \n        end_time = time.monotonic() + self._timeout\n        while True:\n            try:\n                value = method(self._driver)\n                if value:\n                    return value\n            except self._ignored_exceptions as exc:\n                screen = getattr(exc, \"screen\", None)\n                stacktrace = getattr(exc, \"stacktrace\", None)\n            if time.monotonic() > end_time:\n                break\n            time.sleep(self._poll)\n>       raise TimeoutException(message, screen, stacktrace)\nE       selenium.common.exceptions.TimeoutException: Message: \nE       Stacktrace:\nE       Symbols not available. Dumping unresolved backtrace:\nE       \t0x7ff66550a235\nE       \t0x7ff665262630\nE       \t0x7ff664ff16dd\nE       \t0x7ff66504a27e\nE       \t0x7ff66504a58c\nE       \t0x7ff66509ed77\nE       \t0x7ff66509baba\nE       \t0x7ff66503b0ed\nE       \t0x7ff66503bf63\nE       \t0x7ff665535d60\nE       \t0x7ff66552fe8a\nE       \t0x7ff665551005\nE       \t0x7ff66527d71e\nE       \t0x7ff665284e1f\nE       \t0x7ff66526b7c4\nE       \t0x7ff66526b97f\nE       \t0x7ff6652518e8\nE       \t0x7ffc20527374\nE       \t0x7ffc221bcc91\n\n..\\..\\..\\miniconda3\\Lib\\site-packages\\selenium\\webdriver\\support\\wait.py:138: TimeoutException","flaky":false,"newFailed":false,"newBroken":false,"newPassed":false,"retriesCount":0,"retriesStatusChange":false,"beforeStages":[{"name":"driver","time":{"start":1764309599475,"stop":1764309600757,"duration":1282},"status":"passed","steps":[],"attachments":[],"parameters":[],"shouldDisplayMessage":false,"attachmentsCount":0,"stepsCount":0,"attachmentStep":false,"hasContent":false}],"testStage":{"status":"broken","statusMessage":"selenium.common.exceptions.TimeoutException: Message: \nStacktrace:\nSymbols not available. Dumping unresolved backtrace:\n\t0x7ff66550a235\n\t0x7ff665262630\n\t0x7ff664ff16dd\n\t0x7ff66504a27e\n\t0x7ff66504a58c\n\t0x7ff66509ed77\n\t0x7ff66509baba\n\t0x7ff66503b0ed\n\t0x7ff66503bf63\n\t0x7ff665535d60\n\t0x7ff66552fe8a\n\t0x7ff665551005\n\t0x7ff66527d71e\n\t0x7ff665284e1f\n\t0x7ff66526b7c4\n\t0x7ff66526b97f\n\t0x7ff6652518e8\n\t0x7ffc20527374\n\t0x7ffc221bcc91","statusTrace":"driver = <selenium.webdriver.chrome.webdriver.WebDriver (session=\"6be012e20f6b204e4ac6f695cf122498\")>\n\n    @allure.title(\"Amazon purchase flow with full-step assertion visibility\")\n    def test_amazon_purchase_flow(driver):\n        wait = WebDriverWait(driver, 10)\n    \n        with allure.step(\"1. Open Amazon homepage\"):\n            driver.get(\"https://www.amazon.in\")\n            assert \"amazon\" in driver.current_url.lower(), \"Amazon homepage did not open\"\n    \n        with allure.step(\"2. Search for product\"):\n>           search_box = wait.until(EC.presence_of_element_located((By.ID, \"twotabsearchtextboxy\")))\n                         ^^^^^^^^^^^^^^^^^^^^^^^^^^^^^^^^^^^^^^^^^^^^^^^^^^^^^^^^^^^^^^^^^^^^^^^^^^^\n\ntest_amazon_flow.py:18: \n_ _ _ _ _ _ _ _ _ _ _ _ _ _ _ _ _ _ _ _ _ _ _ _ _ _ _ _ _ _ _ _ _ _ _ _ _ _ _ _ _ _ _ _ _ _ _ _ _ _ _ _ _ _ _ _ _ _ _ _ _ _ _ _ _ _ _ _ _ _ _ _ _ _ _ _ _ _ _ _ _ _ _ _ _ _ _ _ _ _ _ _ _ _ _ _ _ _ _ _ _ _ _ _ _ _ _ _ _ _ _ _ _ _ _ _ _ _ _ _ _ _ \n\nself = <selenium.webdriver.support.wait.WebDriverWait (session=\"6be012e20f6b204e4ac6f695cf122498\")>, method = <function presence_of_element_located.<locals>._predicate at 0x000001B8C490EB60>, message = ''\n\n    def until(self, method: Callable[[D], Union[Literal[False], T]], message: str = \"\") -> T:\n        \"\"\"Wait until the method returns a value that is not False.\n    \n        Calls the method provided with the driver as an argument until the\n        return value does not evaluate to ``False``.\n    \n        Parameters:\n        -----------\n        method: callable(WebDriver)\n            - A callable object that takes a WebDriver instance as an argument.\n    \n        message: str\n            - Optional message for :exc:`TimeoutException`\n    \n        Return:\n        -------\n        object: T\n            - The result of the last call to `method`\n    \n        Raises:\n        -------\n        TimeoutException\n            - If 'method' does not return a truthy value within the WebDriverWait\n            object's timeout\n    \n        Example:\n        --------\n        >>> from selenium.webdriver.common.by import By\n        >>> from selenium.webdriver.support.ui import WebDriverWait\n        >>> from selenium.webdriver.support import expected_conditions as EC\n    \n        # Wait until an element is visible on the page\n        >>> wait = WebDriverWait(driver, 10)\n        >>> element = wait.until(EC.visibility_of_element_located((By.ID, \"exampleId\")))\n        >>> print(element.text)\n        \"\"\"\n        screen = None\n        stacktrace = None\n    \n        end_time = time.monotonic() + self._timeout\n        while True:\n            try:\n                value = method(self._driver)\n                if value:\n                    return value\n            except self._ignored_exceptions as exc:\n                screen = getattr(exc, \"screen\", None)\n                stacktrace = getattr(exc, \"stacktrace\", None)\n            if time.monotonic() > end_time:\n                break\n            time.sleep(self._poll)\n>       raise TimeoutException(message, screen, stacktrace)\nE       selenium.common.exceptions.TimeoutException: Message: \nE       Stacktrace:\nE       Symbols not available. Dumping unresolved backtrace:\nE       \t0x7ff66550a235\nE       \t0x7ff665262630\nE       \t0x7ff664ff16dd\nE       \t0x7ff66504a27e\nE       \t0x7ff66504a58c\nE       \t0x7ff66509ed77\nE       \t0x7ff66509baba\nE       \t0x7ff66503b0ed\nE       \t0x7ff66503bf63\nE       \t0x7ff665535d60\nE       \t0x7ff66552fe8a\nE       \t0x7ff665551005\nE       \t0x7ff66527d71e\nE       \t0x7ff665284e1f\nE       \t0x7ff66526b7c4\nE       \t0x7ff66526b97f\nE       \t0x7ff6652518e8\nE       \t0x7ffc20527374\nE       \t0x7ffc221bcc91\n\n..\\..\\..\\miniconda3\\Lib\\site-packages\\selenium\\webdriver\\support\\wait.py:138: TimeoutException","steps":[{"name":"1. Open Amazon homepage","time":{"start":1764309600758,"stop":1764309602717,"duration":1959},"status":"passed","steps":[],"attachments":[],"parameters":[],"shouldDisplayMessage":false,"attachmentsCount":0,"stepsCount":0,"attachmentStep":false,"hasContent":false},{"name":"2. Search for product","time":{"start":1764309602717,"stop":1764309613060,"duration":10343},"status":"broken","statusMessage":"selenium.common.exceptions.TimeoutException: Message: \nStacktrace:\nSymbols not available. Dumping unresolved backtrace:\n\t0x7ff66550a235\n\t0x7ff665262630\n\t0x7ff664ff16dd\n\t0x7ff66504a27e\n\t0x7ff66504a58c\n\t0x7ff66509ed77\n\t0x7ff66509baba\n\t0x7ff66503b0ed\n\t0x7ff66503bf63\n\t0x7ff665535d60\n\t0x7ff66552fe8a\n\t0x7ff665551005\n\t0x7ff66527d71e\n\t0x7ff665284e1f\n\t0x7ff66526b7c4\n\t0x7ff66526b97f\n\t0x7ff6652518e8\n\t0x7ffc20527374\n\t0x7ffc221bcc91\n\n","statusTrace":"  File \"C:\\Users\\AB\\Desktop\\Aryan Rakholiya\\Selenium_Python\\test_amazon_flow.py\", line 18, in test_amazon_purchase_flow\n    search_box = wait.until(EC.presence_of_element_located((By.ID, \"twotabsearchtextboxy\")))\n  File \"C:\\Users\\AB\\miniconda3\\Lib\\site-packages\\selenium\\webdriver\\support\\wait.py\", line 138, in until\n    raise TimeoutException(message, screen, stacktrace)\n","steps":[],"attachments":[],"parameters":[],"shouldDisplayMessage":true,"attachmentsCount":0,"stepsCount":0,"attachmentStep":false,"hasContent":true}],"attachments":[],"parameters":[],"shouldDisplayMessage":true,"attachmentsCount":0,"stepsCount":2,"attachmentStep":false,"hasContent":true},"afterStages":[{"name":"driver::0","time":{"start":1764309613324,"stop":1764309617202,"duration":3878},"status":"passed","steps":[],"attachments":[],"parameters":[],"shouldDisplayMessage":false,"attachmentsCount":0,"stepsCount":0,"attachmentStep":false,"hasContent":false}],"labels":[{"name":"suite","value":"test_amazon_flow"},{"name":"host","value":"DESKTOP-T8N4CLA"},{"name":"thread","value":"3780-MainThread"},{"name":"framework","value":"pytest"},{"name":"language","value":"cpython3"},{"name":"package","value":"test_amazon_flow"},{"name":"resultFormat","value":"allure2"}],"parameters":[],"links":[],"hidden":true,"retry":true,"extra":{"categories":[],"tags":[]},"source":"c36e565d0290847d.json","parameterValues":[]}